https://www.instagram.com/littleblackboots 264
https://www.instagram.com/alealimay 264
https://www.instagram.com/chiaraferragni/ 264
https://www.instagram.com/queenhorsfall 264
https://www.instagram.com/yunastyle 264
https://www.instagram.com/halopeoplekr 264
https://www.instagram.com/jdinkoreasince2012 264
https://www.instagram.com/realstreet1 264
https://www.instagram.com/beeswonderland 264
https://www.instagram.com/daphnemodeandthecity 264
https://www.instagram.com/ashleighdmello 264
https://www.instagram.com/petiteflowerpresents 264
https://www.instagram.com/wendyslookbook/ 264
https://www.instagram.com/thesartorialist/ 264
https://www.instagram.com/ootdmagazine/ 264
https://www.instagram.com/solsolstreet/ 264
https://www.instagram.com/asianstreetfashion/ 264
https://www.instagram.com/majorstreetstyle/ 264
https://www.instagram.com/ootd.indonesiaa/ 264
https://www.instagram.com/streetmag/ 264
https://www.instagram.com/street_style_paris/ 264
https://www.instagram.com/tsangtastic 264
https://www.instagram.com/hapatime 264
https://www.instagram.com/alexcloset 264
https://www.instagram.com/thestreetograph 264
https://www.instagram.com/tlnique 264
https://www.instagram.com/poppy_shmy 264
https://www.instagram.com/streetstyled/ 264
https://www.instagram.com/streetper/ 264
https://www.instagram.com/songofstyle 264
https://www.instagram.com/chrisellelim 264
https://www.instagram.com/imjennim 264
https://www.instagram.com/rumineely 264
https://www.instagram.com/streetstyle 74
https://www.instagram.com/yoyokulala 264
https://www.instagram.com/evangelineyan 264
https://www.instagram.com/cherriemun_ 264
https://www.instagram.com/songdani 264
https://www.instagram.com/emilythemermaid 264
https://www.instagram.com/chrisaliescorners 264
https://www.instagram.com/rchlwngxx 264
https://www.instagram.com/karenngkarenng 264
https://www.instagram.com/savoirsam 264
https://www.instagram.com/audreyxaudrey 264
https://www.instagram.com/skinnyspy 264
https://www.instagram.com/olivialazuardy 264
https://www.instagram.com/forevervanny 264
https://www.instagram.com/violettedaily 264
https://www.instagram.com/itsfranxcesca 264
https://www.instagram.com/jenniferwhwang 264
https://www.instagram.com/dreachong 264
https://www.instagram.com/anazsiantar 264
https://www.instagram.com/kaillling 264
https://www.instagram.com/cindytanjaya 264
https://www.instagram.com/thehautepursuit 264
https://www.instagram.com/ootdsubmit/ 264
