Sat 19 Nov 2016 01:34:22 INFO logger.py 33 6271 start crawl intogram account
Sat 19 Nov 2016 01:34:25 INFO logger.py 33 6271 start scroll up
Sat 19 Nov 2016 01:34:26 INFO logger.py 33 6271 start scroll down
Sat 19 Nov 2016 01:34:27 INFO logger.py 33 6271 finish scroll
Sat 19 Nov 2016 01:34:27 INFO logger.py 33 6271 new_number: 36, num: 24, unchange_time: 0
Sat 19 Nov 2016 01:34:27 INFO logger.py 33 6271 start scroll up
Sat 19 Nov 2016 01:34:28 INFO logger.py 33 6271 start scroll down
Sat 19 Nov 2016 01:34:29 INFO logger.py 33 6271 finish scroll
Sat 19 Nov 2016 01:34:29 INFO logger.py 33 6271 new_number: 48, num: 36, unchange_time: 0
Sat 19 Nov 2016 01:34:29 INFO logger.py 33 6271 start scroll up
Sat 19 Nov 2016 01:34:30 INFO logger.py 33 6271 start scroll down
Sat 19 Nov 2016 01:34:31 INFO logger.py 33 6271 finish scroll
Sat 19 Nov 2016 01:34:31 INFO logger.py 33 6271 new_number: 60, num: 48, unchange_time: 0
Sat 19 Nov 2016 01:34:31 INFO logger.py 33 6271 start scroll up
Sat 19 Nov 2016 01:34:32 INFO logger.py 33 6271 start scroll down
Sat 19 Nov 2016 01:34:33 INFO logger.py 33 6271 finish scroll
Sat 19 Nov 2016 01:34:33 INFO logger.py 33 6271 new_number: 72, num: 60, unchange_time: 0
Sat 19 Nov 2016 01:34:33 INFO logger.py 33 6271 start scroll up
Sat 19 Nov 2016 01:34:34 INFO logger.py 33 6271 start scroll down
Sat 19 Nov 2016 01:34:35 INFO logger.py 33 6271 finish scroll
Sat 19 Nov 2016 01:34:35 INFO logger.py 33 6271 new_number: 84, num: 72, unchange_time: 0
Sat 19 Nov 2016 01:34:35 INFO logger.py 33 6271 start scroll up
Sat 19 Nov 2016 01:34:37 INFO logger.py 33 6271 start scroll down
Sat 19 Nov 2016 01:34:38 INFO logger.py 33 6271 finish scroll
Sat 19 Nov 2016 01:34:38 INFO logger.py 33 6271 new_number: 96, num: 84, unchange_time: 0
Sat 19 Nov 2016 01:34:38 INFO logger.py 33 6271 start scroll up
Sat 19 Nov 2016 01:34:40 INFO logger.py 33 6271 start scroll down
Sat 19 Nov 2016 01:34:40 INFO logger.py 33 6271 finish scroll
Sat 19 Nov 2016 01:34:40 INFO logger.py 33 6271 new_number: 108, num: 96, unchange_time: 0
Sat 19 Nov 2016 01:34:40 INFO logger.py 33 6271 start scroll up
Sat 19 Nov 2016 01:34:42 INFO logger.py 33 6271 start scroll down
Sat 19 Nov 2016 01:34:43 INFO logger.py 33 6271 finish scroll
Sat 19 Nov 2016 01:34:43 INFO logger.py 33 6271 new_number: 120, num: 108, unchange_time: 0
Sat 19 Nov 2016 01:34:43 INFO logger.py 33 6271 start scroll up
Sat 19 Nov 2016 01:34:45 INFO logger.py 33 6271 start scroll down
Sat 19 Nov 2016 01:34:46 INFO logger.py 33 6271 finish scroll
Sat 19 Nov 2016 01:34:46 INFO logger.py 33 6271 new_number: 132, num: 120, unchange_time: 0
Sat 19 Nov 2016 01:34:46 INFO logger.py 33 6271 start scroll up
Sat 19 Nov 2016 01:34:48 INFO logger.py 33 6271 start scroll down
Sat 19 Nov 2016 01:34:49 INFO logger.py 33 6271 finish scroll
Sat 19 Nov 2016 01:34:49 INFO logger.py 33 6271 new_number: 144, num: 132, unchange_time: 0
Sat 19 Nov 2016 01:34:49 INFO logger.py 33 6271 start scroll up
Sat 19 Nov 2016 01:34:50 INFO logger.py 33 6271 start scroll down
Sat 19 Nov 2016 01:34:51 INFO logger.py 33 6271 finish scroll
Sat 19 Nov 2016 01:34:51 INFO logger.py 33 6271 new_number: 156, num: 144, unchange_time: 0
Sat 19 Nov 2016 01:34:51 INFO logger.py 33 6271 start scroll up
Sat 19 Nov 2016 01:34:52 INFO logger.py 33 6271 start scroll down
Sat 19 Nov 2016 01:34:54 INFO logger.py 33 6271 finish scroll
Sat 19 Nov 2016 01:34:54 INFO logger.py 33 6271 new_number: 168, num: 156, unchange_time: 0
Sat 19 Nov 2016 01:34:54 INFO logger.py 33 6271 start scroll up
Sat 19 Nov 2016 01:34:55 INFO logger.py 33 6271 start scroll down
Sat 19 Nov 2016 01:34:56 INFO logger.py 33 6271 finish scroll
Sat 19 Nov 2016 01:34:56 INFO logger.py 33 6271 new_number: 180, num: 168, unchange_time: 0
Sat 19 Nov 2016 01:34:56 INFO logger.py 33 6271 start scroll up
Sat 19 Nov 2016 01:34:58 INFO logger.py 33 6271 start scroll down
Sat 19 Nov 2016 01:34:59 INFO logger.py 33 6271 finish scroll
Sat 19 Nov 2016 01:34:59 INFO logger.py 33 6271 new_number: 192, num: 180, unchange_time: 0
Sat 19 Nov 2016 01:34:59 INFO logger.py 33 6271 start scroll up
Sat 19 Nov 2016 01:35:01 INFO logger.py 33 6271 start scroll down
Sat 19 Nov 2016 01:35:02 INFO logger.py 33 6271 finish scroll
Sat 19 Nov 2016 01:35:02 INFO logger.py 33 6271 new_number: 204, num: 192, unchange_time: 0
Sat 19 Nov 2016 01:35:02 INFO logger.py 33 6271 start scroll up
Sat 19 Nov 2016 01:35:03 INFO logger.py 33 6271 start scroll down
Sat 19 Nov 2016 01:35:04 INFO logger.py 33 6271 finish scroll
Sat 19 Nov 2016 01:35:04 INFO logger.py 33 6271 new_number: 216, num: 204, unchange_time: 0
Sat 19 Nov 2016 01:35:04 INFO logger.py 33 6271 start scroll up
Sat 19 Nov 2016 01:35:05 INFO logger.py 33 6271 start scroll down
Sat 19 Nov 2016 01:35:06 INFO logger.py 33 6271 finish scroll
Sat 19 Nov 2016 01:35:06 INFO logger.py 33 6271 new_number: 228, num: 216, unchange_time: 0
Sat 19 Nov 2016 01:35:06 INFO logger.py 33 6271 start scroll up
Sat 19 Nov 2016 01:35:07 INFO logger.py 33 6271 start scroll down
Sat 19 Nov 2016 01:35:08 INFO logger.py 33 6271 finish scroll
Sat 19 Nov 2016 01:35:08 INFO logger.py 33 6271 new_number: 240, num: 228, unchange_time: 0
Sat 19 Nov 2016 01:35:08 INFO logger.py 33 6271 start scroll up
Sat 19 Nov 2016 01:35:10 INFO logger.py 33 6271 start scroll down
Sat 19 Nov 2016 01:35:10 INFO logger.py 33 6271 finish scroll
Sat 19 Nov 2016 01:35:10 INFO logger.py 33 6271 new_number: 252, num: 240, unchange_time: 0
Sat 19 Nov 2016 01:35:10 INFO logger.py 33 6271 start scroll up
Sat 19 Nov 2016 01:35:11 INFO logger.py 33 6271 start scroll down
Sat 19 Nov 2016 01:35:12 INFO logger.py 33 6271 finish scroll
Sat 19 Nov 2016 01:35:12 INFO logger.py 33 6271 new_number: 264, num: 252, unchange_time: 0
Sat 19 Nov 2016 01:35:12 INFO logger.py 33 6271 start scroll up
Sat 19 Nov 2016 01:35:14 INFO logger.py 33 6271 start scroll down
Sat 19 Nov 2016 01:35:16 INFO logger.py 33 6271 finish scroll
Sat 19 Nov 2016 01:35:16 INFO logger.py 33 6271 new_number: 276, num: 264, unchange_time: 0
Sat 19 Nov 2016 01:35:16 INFO logger.py 33 6271 start scroll up
Sat 19 Nov 2016 01:35:17 INFO logger.py 33 6271 start scroll down
Sat 19 Nov 2016 01:35:18 INFO logger.py 33 6271 finish scroll
Sat 19 Nov 2016 01:35:18 INFO logger.py 33 6271 new_number: 288, num: 276, unchange_time: 0
Sat 19 Nov 2016 01:35:18 INFO logger.py 33 6271 start scroll up
Sat 19 Nov 2016 01:35:19 INFO logger.py 33 6271 start scroll down
Sat 19 Nov 2016 01:35:19 INFO logger.py 33 6271 finish scroll
Sat 19 Nov 2016 01:35:19 INFO logger.py 33 6271 new_number: 300, num: 288, unchange_time: 0
Sat 19 Nov 2016 01:35:19 INFO logger.py 33 6271 start scroll up
Sat 19 Nov 2016 01:35:21 INFO logger.py 33 6271 start scroll down
Sat 19 Nov 2016 01:35:22 INFO logger.py 33 6271 finish scroll
Sat 19 Nov 2016 01:35:22 INFO logger.py 33 6271 new_number: 312, num: 300, unchange_time: 0
Sat 19 Nov 2016 01:35:22 INFO logger.py 33 6271 start scroll up
Sat 19 Nov 2016 01:35:23 INFO logger.py 33 6271 start scroll down
Sat 19 Nov 2016 01:35:24 INFO logger.py 33 6271 finish scroll
Sat 19 Nov 2016 01:35:24 INFO logger.py 33 6271 new_number: 324, num: 312, unchange_time: 0
Sat 19 Nov 2016 01:35:24 INFO logger.py 33 6271 start scroll up
Sat 19 Nov 2016 01:35:26 INFO logger.py 33 6271 start scroll down
Sat 19 Nov 2016 01:35:27 INFO logger.py 33 6271 finish scroll
Sat 19 Nov 2016 01:35:27 INFO logger.py 33 6271 new_number: 336, num: 324, unchange_time: 0
Sat 19 Nov 2016 01:35:27 INFO logger.py 33 6271 start scroll up
Sat 19 Nov 2016 01:35:29 INFO logger.py 33 6271 start scroll down
Sat 19 Nov 2016 01:35:30 INFO logger.py 33 6271 finish scroll
Sat 19 Nov 2016 01:35:30 INFO logger.py 33 6271 new_number: 348, num: 336, unchange_time: 0
Sat 19 Nov 2016 01:35:30 INFO logger.py 33 6271 start scroll up
Sat 19 Nov 2016 01:35:32 INFO logger.py 33 6271 start scroll down
Sat 19 Nov 2016 01:35:33 INFO logger.py 33 6271 finish scroll
Sat 19 Nov 2016 01:35:33 INFO logger.py 33 6271 new_number: 360, num: 348, unchange_time: 0
Sat 19 Nov 2016 01:35:33 INFO logger.py 33 6271 start scroll up
Sat 19 Nov 2016 01:35:34 INFO logger.py 33 6271 start scroll down
Sat 19 Nov 2016 01:35:35 INFO logger.py 33 6271 finish scroll
Sat 19 Nov 2016 01:35:35 INFO logger.py 33 6271 new_number: 372, num: 360, unchange_time: 0
Sat 19 Nov 2016 01:35:35 INFO logger.py 33 6271 start scroll up
Sat 19 Nov 2016 01:35:37 INFO logger.py 33 6271 start scroll down
Sat 19 Nov 2016 01:35:38 INFO logger.py 33 6271 finish scroll
Sat 19 Nov 2016 01:35:38 INFO logger.py 33 6271 new_number: 384, num: 372, unchange_time: 0
Sat 19 Nov 2016 01:35:38 INFO logger.py 33 6271 start scroll up
Sat 19 Nov 2016 01:35:39 INFO logger.py 33 6271 start scroll down
Sat 19 Nov 2016 01:35:40 INFO logger.py 33 6271 finish scroll
Sat 19 Nov 2016 01:35:40 INFO logger.py 33 6271 new_number: 396, num: 384, unchange_time: 0
Sat 19 Nov 2016 01:35:40 INFO logger.py 33 6271 start scroll up
Sat 19 Nov 2016 01:35:41 INFO logger.py 33 6271 start scroll down
Sat 19 Nov 2016 01:35:42 INFO logger.py 33 6271 finish scroll
Sat 19 Nov 2016 01:35:42 INFO logger.py 33 6271 new_number: 408, num: 396, unchange_time: 0
Sat 19 Nov 2016 01:35:42 INFO logger.py 33 6271 start scroll up
Sat 19 Nov 2016 01:35:44 INFO logger.py 33 6271 start scroll down
Sat 19 Nov 2016 01:35:45 INFO logger.py 33 6271 finish scroll
Sat 19 Nov 2016 01:35:45 INFO logger.py 33 6271 new_number: 420, num: 408, unchange_time: 0
Sat 19 Nov 2016 01:35:45 INFO logger.py 33 6271 start scroll up
Sat 19 Nov 2016 01:35:47 INFO logger.py 33 6271 start scroll down
Sat 19 Nov 2016 01:35:48 INFO logger.py 33 6271 finish scroll
Sat 19 Nov 2016 01:35:48 INFO logger.py 33 6271 new_number: 432, num: 420, unchange_time: 0
Sat 19 Nov 2016 01:35:48 INFO logger.py 33 6271 start scroll up
Sat 19 Nov 2016 01:35:49 INFO logger.py 33 6271 start scroll down
Sat 19 Nov 2016 01:35:50 INFO logger.py 33 6271 finish scroll
Sat 19 Nov 2016 01:35:50 INFO logger.py 33 6271 new_number: 444, num: 432, unchange_time: 0
Sat 19 Nov 2016 01:35:50 INFO logger.py 33 6271 start scroll up
Sat 19 Nov 2016 01:35:52 INFO logger.py 33 6271 start scroll down
Sat 19 Nov 2016 01:35:54 INFO logger.py 33 6271 finish scroll
Sat 19 Nov 2016 01:35:54 INFO logger.py 33 6271 new_number: 456, num: 444, unchange_time: 0
Sat 19 Nov 2016 01:35:54 INFO logger.py 33 6271 start scroll up
Sat 19 Nov 2016 01:35:55 INFO logger.py 33 6271 start scroll down
Sat 19 Nov 2016 01:35:56 INFO logger.py 33 6271 finish scroll
Sat 19 Nov 2016 01:35:56 INFO logger.py 33 6271 new_number: 468, num: 456, unchange_time: 0
Sat 19 Nov 2016 01:35:56 INFO logger.py 33 6271 start scroll up
Sat 19 Nov 2016 01:35:57 INFO logger.py 33 6271 start scroll down
Sat 19 Nov 2016 01:35:57 INFO logger.py 33 6271 finish scroll
Sat 19 Nov 2016 01:35:57 INFO logger.py 33 6271 new_number: 480, num: 468, unchange_time: 0
Sat 19 Nov 2016 01:35:57 INFO logger.py 33 6271 start scroll up
Sat 19 Nov 2016 01:35:59 INFO logger.py 33 6271 start scroll down
Sat 19 Nov 2016 01:36:00 INFO logger.py 33 6271 finish scroll
Sat 19 Nov 2016 01:36:00 INFO logger.py 33 6271 new_number: 492, num: 480, unchange_time: 0
Sat 19 Nov 2016 01:36:00 INFO logger.py 33 6271 start scroll up
Sat 19 Nov 2016 01:36:01 INFO logger.py 33 6271 start scroll down
Sat 19 Nov 2016 01:36:02 INFO logger.py 33 6271 finish scroll
Sat 19 Nov 2016 01:36:02 INFO logger.py 33 6271 new_number: 504, num: 492, unchange_time: 0
Sat 19 Nov 2016 01:36:02 INFO logger.py 33 6271 start scroll up
Sat 19 Nov 2016 01:36:03 INFO logger.py 33 6271 start scroll down
Sat 19 Nov 2016 01:36:04 INFO logger.py 33 6271 finish scroll
Sat 19 Nov 2016 01:36:04 INFO logger.py 33 6271 new_number: 516, num: 504, unchange_time: 0
Sat 19 Nov 2016 01:36:04 INFO logger.py 33 6271 start scroll up
Sat 19 Nov 2016 01:36:04 INFO logger.py 33 6271 start scroll down
Sat 19 Nov 2016 01:36:06 INFO logger.py 33 6271 finish scroll
Sat 19 Nov 2016 01:36:06 INFO logger.py 33 6271 new_number: 528, num: 516, unchange_time: 0
Sat 19 Nov 2016 01:36:06 INFO logger.py 33 6271 start scroll up
Sat 19 Nov 2016 01:36:07 INFO logger.py 33 6271 start scroll down
Sat 19 Nov 2016 01:36:08 INFO logger.py 33 6271 finish scroll
Sat 19 Nov 2016 01:36:08 INFO logger.py 33 6271 new_number: 540, num: 528, unchange_time: 0
Sat 19 Nov 2016 01:36:08 INFO logger.py 33 6271 start scroll up
Sat 19 Nov 2016 01:36:10 INFO logger.py 33 6271 start scroll down
Sat 19 Nov 2016 01:36:11 INFO logger.py 33 6271 finish scroll
Sat 19 Nov 2016 01:36:11 INFO logger.py 33 6271 new_number: 552, num: 540, unchange_time: 0
Sat 19 Nov 2016 01:36:11 INFO logger.py 33 6271 start scroll up
Sat 19 Nov 2016 01:36:12 INFO logger.py 33 6271 start scroll down
Sat 19 Nov 2016 01:36:13 INFO logger.py 33 6271 finish scroll
Sat 19 Nov 2016 01:36:13 INFO logger.py 33 6271 new_number: 564, num: 552, unchange_time: 0
Sat 19 Nov 2016 01:36:13 INFO logger.py 33 6271 start scroll up
Sat 19 Nov 2016 01:36:14 INFO logger.py 33 6271 start scroll down
Sat 19 Nov 2016 01:36:15 INFO logger.py 33 6271 finish scroll
Sat 19 Nov 2016 01:36:15 INFO logger.py 33 6271 new_number: 576, num: 564, unchange_time: 0
Sat 19 Nov 2016 01:36:15 INFO logger.py 33 6271 start scroll up
Sat 19 Nov 2016 01:36:17 INFO logger.py 33 6271 start scroll down
Sat 19 Nov 2016 01:36:18 INFO logger.py 33 6271 finish scroll
Sat 19 Nov 2016 01:36:18 INFO logger.py 33 6271 new_number: 588, num: 576, unchange_time: 0
Sat 19 Nov 2016 01:36:18 INFO logger.py 33 6271 start scroll up
Sat 19 Nov 2016 01:36:20 INFO logger.py 33 6271 start scroll down
Sat 19 Nov 2016 01:36:20 INFO logger.py 33 6271 finish scroll
Sat 19 Nov 2016 01:36:21 INFO logger.py 33 6271 new_number: 600, num: 588, unchange_time: 0
Sat 19 Nov 2016 01:36:21 INFO logger.py 33 6271 start scroll up
Sat 19 Nov 2016 01:36:21 INFO logger.py 33 6271 start scroll down
Sat 19 Nov 2016 01:36:22 INFO logger.py 33 6271 finish scroll
Sat 19 Nov 2016 01:36:22 INFO logger.py 33 6271 new_number: 612, num: 600, unchange_time: 0
Sat 19 Nov 2016 01:36:22 INFO logger.py 33 6271 start scroll up
Sat 19 Nov 2016 01:36:24 INFO logger.py 33 6271 start scroll down
Sat 19 Nov 2016 01:36:25 INFO logger.py 33 6271 finish scroll
Sat 19 Nov 2016 01:36:25 INFO logger.py 33 6271 new_number: 624, num: 612, unchange_time: 0
Sat 19 Nov 2016 01:36:25 INFO logger.py 33 6271 start scroll up
Sat 19 Nov 2016 01:36:26 INFO logger.py 33 6271 start scroll down
Sat 19 Nov 2016 01:36:27 INFO logger.py 33 6271 finish scroll
Sat 19 Nov 2016 01:36:27 INFO logger.py 33 6271 new_number: 636, num: 624, unchange_time: 0
Sat 19 Nov 2016 01:36:28 INFO logger.py 33 6271 start scroll up
Sat 19 Nov 2016 01:36:29 INFO logger.py 33 6271 start scroll down
Sat 19 Nov 2016 01:36:30 INFO logger.py 33 6271 finish scroll
Sat 19 Nov 2016 01:36:30 INFO logger.py 33 6271 new_number: 648, num: 636, unchange_time: 0
Sat 19 Nov 2016 01:36:30 INFO logger.py 33 6271 start scroll up
Sat 19 Nov 2016 01:36:32 INFO logger.py 33 6271 start scroll down
Sat 19 Nov 2016 01:36:33 INFO logger.py 33 6271 finish scroll
Sat 19 Nov 2016 01:36:33 INFO logger.py 33 6271 new_number: 660, num: 648, unchange_time: 0
Sat 19 Nov 2016 01:36:33 INFO logger.py 33 6271 start scroll up
Sat 19 Nov 2016 01:36:34 INFO logger.py 33 6271 start scroll down
Sat 19 Nov 2016 01:36:35 INFO logger.py 33 6271 finish scroll
Sat 19 Nov 2016 01:36:35 INFO logger.py 33 6271 new_number: 672, num: 660, unchange_time: 0
Sat 19 Nov 2016 01:36:35 INFO logger.py 33 6271 start scroll up
Sat 19 Nov 2016 01:36:36 INFO logger.py 33 6271 start scroll down
Sat 19 Nov 2016 01:36:37 INFO logger.py 33 6271 finish scroll
Sat 19 Nov 2016 01:36:37 INFO logger.py 33 6271 new_number: 684, num: 672, unchange_time: 0
Sat 19 Nov 2016 01:36:37 INFO logger.py 33 6271 start scroll up
Sat 19 Nov 2016 01:36:39 INFO logger.py 33 6271 start scroll down
Sat 19 Nov 2016 01:36:40 INFO logger.py 33 6271 finish scroll
Sat 19 Nov 2016 01:36:40 INFO logger.py 33 6271 new_number: 696, num: 684, unchange_time: 0
Sat 19 Nov 2016 01:36:40 INFO logger.py 33 6271 start scroll up
Sat 19 Nov 2016 01:36:42 INFO logger.py 33 6271 start scroll down
Sat 19 Nov 2016 01:36:43 INFO logger.py 33 6271 finish scroll
Sat 19 Nov 2016 01:36:43 INFO logger.py 33 6271 new_number: 708, num: 696, unchange_time: 0
Sat 19 Nov 2016 01:36:43 INFO logger.py 33 6271 start scroll up
Sat 19 Nov 2016 01:36:44 INFO logger.py 33 6271 start scroll down
Sat 19 Nov 2016 01:36:45 INFO logger.py 33 6271 finish scroll
Sat 19 Nov 2016 01:36:45 INFO logger.py 33 6271 new_number: 720, num: 708, unchange_time: 0
Sat 19 Nov 2016 01:36:45 INFO logger.py 33 6271 start scroll up
Sat 19 Nov 2016 01:36:47 INFO logger.py 33 6271 start scroll down
Sat 19 Nov 2016 01:36:48 INFO logger.py 33 6271 finish scroll
Sat 19 Nov 2016 01:36:48 INFO logger.py 33 6271 new_number: 732, num: 720, unchange_time: 0
Sat 19 Nov 2016 01:36:48 INFO logger.py 33 6271 start scroll up
Sat 19 Nov 2016 01:36:49 INFO logger.py 33 6271 start scroll down
Sat 19 Nov 2016 01:36:51 INFO logger.py 33 6271 finish scroll
Sat 19 Nov 2016 01:36:51 INFO logger.py 33 6271 new_number: 744, num: 732, unchange_time: 0
Sat 19 Nov 2016 01:36:51 INFO logger.py 33 6271 start scroll up
Sat 19 Nov 2016 01:36:52 INFO logger.py 33 6271 start scroll down
Sat 19 Nov 2016 01:36:53 INFO logger.py 33 6271 finish scroll
Sat 19 Nov 2016 01:36:53 INFO logger.py 33 6271 new_number: 756, num: 744, unchange_time: 0
Sat 19 Nov 2016 01:36:53 INFO logger.py 33 6271 start scroll up
Sat 19 Nov 2016 01:36:54 INFO logger.py 33 6271 start scroll down
Sat 19 Nov 2016 01:36:55 INFO logger.py 33 6271 finish scroll
Sat 19 Nov 2016 01:36:55 INFO logger.py 33 6271 new_number: 768, num: 756, unchange_time: 0
Sat 19 Nov 2016 01:36:55 INFO logger.py 33 6271 start scroll up
Sat 19 Nov 2016 01:36:56 INFO logger.py 33 6271 start scroll down
Sat 19 Nov 2016 01:36:57 INFO logger.py 33 6271 finish scroll
Sat 19 Nov 2016 01:36:57 INFO logger.py 33 6271 new_number: 780, num: 768, unchange_time: 0
Sat 19 Nov 2016 01:36:57 INFO logger.py 33 6271 start scroll up
Sat 19 Nov 2016 01:36:59 INFO logger.py 33 6271 start scroll down
Sat 19 Nov 2016 01:37:00 INFO logger.py 33 6271 finish scroll
Sat 19 Nov 2016 01:37:00 INFO logger.py 33 6271 new_number: 792, num: 780, unchange_time: 0
Sat 19 Nov 2016 01:37:00 INFO logger.py 33 6271 start scroll up
Sat 19 Nov 2016 01:37:02 INFO logger.py 33 6271 start scroll down
Sat 19 Nov 2016 01:37:03 INFO logger.py 33 6271 finish scroll
Sat 19 Nov 2016 01:37:03 INFO logger.py 33 6271 new_number: 804, num: 792, unchange_time: 0
Sat 19 Nov 2016 01:37:03 INFO logger.py 33 6271 start scroll up
Sat 19 Nov 2016 01:37:04 INFO logger.py 33 6271 start scroll down
Sat 19 Nov 2016 01:37:05 INFO logger.py 33 6271 finish scroll
Sat 19 Nov 2016 01:37:06 INFO logger.py 33 6271 new_number: 816, num: 804, unchange_time: 0
Sat 19 Nov 2016 01:37:06 INFO logger.py 33 6271 start scroll up
Sat 19 Nov 2016 01:37:07 INFO logger.py 33 6271 start scroll down
Sat 19 Nov 2016 01:37:09 INFO logger.py 33 6271 finish scroll
Sat 19 Nov 2016 01:37:09 INFO logger.py 33 6271 new_number: 828, num: 816, unchange_time: 0
Sat 19 Nov 2016 01:37:09 INFO logger.py 33 6271 start scroll up
Sat 19 Nov 2016 01:37:10 INFO logger.py 33 6271 start scroll down
Sat 19 Nov 2016 01:37:11 INFO logger.py 33 6271 finish scroll
Sat 19 Nov 2016 01:37:11 INFO logger.py 33 6271 new_number: 840, num: 828, unchange_time: 0
Sat 19 Nov 2016 01:37:11 INFO logger.py 33 6271 start scroll up
Sat 19 Nov 2016 01:37:13 INFO logger.py 33 6271 start scroll down
Sat 19 Nov 2016 01:37:14 INFO logger.py 33 6271 finish scroll
Sat 19 Nov 2016 01:37:14 INFO logger.py 33 6271 new_number: 852, num: 840, unchange_time: 0
Sat 19 Nov 2016 01:37:14 INFO logger.py 33 6271 start scroll up
Sat 19 Nov 2016 01:37:16 INFO logger.py 33 6271 start scroll down
Sat 19 Nov 2016 01:37:17 INFO logger.py 33 6271 finish scroll
Sat 19 Nov 2016 01:37:17 INFO logger.py 33 6271 new_number: 864, num: 852, unchange_time: 0
Sat 19 Nov 2016 01:37:17 INFO logger.py 33 6271 start scroll up
Sat 19 Nov 2016 01:37:18 INFO logger.py 33 6271 start scroll down
Sat 19 Nov 2016 01:37:19 INFO logger.py 33 6271 finish scroll
Sat 19 Nov 2016 01:37:19 INFO logger.py 33 6271 new_number: 876, num: 864, unchange_time: 0
Sat 19 Nov 2016 01:37:19 INFO logger.py 33 6271 start scroll up
Sat 19 Nov 2016 01:37:20 INFO logger.py 33 6271 start scroll down
Sat 19 Nov 2016 01:37:22 INFO logger.py 33 6271 finish scroll
Sat 19 Nov 2016 01:37:22 INFO logger.py 33 6271 new_number: 888, num: 876, unchange_time: 0
Sat 19 Nov 2016 01:37:22 INFO logger.py 33 6271 start scroll up
Sat 19 Nov 2016 01:37:24 INFO logger.py 33 6271 start scroll down
Sat 19 Nov 2016 01:37:24 INFO logger.py 33 6271 finish scroll
Sat 19 Nov 2016 01:37:24 INFO logger.py 33 6271 new_number: 900, num: 888, unchange_time: 0
Sat 19 Nov 2016 01:37:25 INFO logger.py 33 6271 start scroll up
Sat 19 Nov 2016 01:37:26 INFO logger.py 33 6271 start scroll down
Sat 19 Nov 2016 01:37:27 INFO logger.py 33 6271 finish scroll
Sat 19 Nov 2016 01:37:27 INFO logger.py 33 6271 new_number: 912, num: 900, unchange_time: 0
Sat 19 Nov 2016 01:37:27 INFO logger.py 33 6271 start scroll up
Sat 19 Nov 2016 01:37:28 INFO logger.py 33 6271 start scroll down
Sat 19 Nov 2016 01:37:29 INFO logger.py 33 6271 finish scroll
Sat 19 Nov 2016 01:37:29 INFO logger.py 33 6271 new_number: 924, num: 912, unchange_time: 0
Sat 19 Nov 2016 01:37:30 INFO logger.py 33 6271 start scroll up
Sat 19 Nov 2016 01:37:31 INFO logger.py 33 6271 start scroll down
Sat 19 Nov 2016 01:37:33 INFO logger.py 33 6271 finish scroll
Sat 19 Nov 2016 01:37:33 INFO logger.py 33 6271 new_number: 936, num: 924, unchange_time: 0
Sat 19 Nov 2016 01:37:33 INFO logger.py 33 6271 start scroll up
Sat 19 Nov 2016 01:37:35 INFO logger.py 33 6271 start scroll down
Sat 19 Nov 2016 01:37:36 INFO logger.py 33 6271 finish scroll
Sat 19 Nov 2016 01:37:36 INFO logger.py 33 6271 new_number: 948, num: 936, unchange_time: 0
Sat 19 Nov 2016 01:37:36 INFO logger.py 33 6271 start scroll up
Sat 19 Nov 2016 01:37:37 INFO logger.py 33 6271 start scroll down
Sat 19 Nov 2016 01:37:38 INFO logger.py 33 6271 finish scroll
Sat 19 Nov 2016 01:37:38 INFO logger.py 33 6271 new_number: 960, num: 948, unchange_time: 0
Sat 19 Nov 2016 01:37:38 INFO logger.py 33 6271 start scroll up
Sat 19 Nov 2016 01:37:39 INFO logger.py 33 6271 start scroll down
Sat 19 Nov 2016 01:37:41 INFO logger.py 33 6271 finish scroll
Sat 19 Nov 2016 01:37:41 INFO logger.py 33 6271 new_number: 972, num: 960, unchange_time: 0
Sat 19 Nov 2016 01:37:41 INFO logger.py 33 6271 start scroll up
Sat 19 Nov 2016 01:37:42 INFO logger.py 33 6271 start scroll down
Sat 19 Nov 2016 01:37:43 INFO logger.py 33 6271 finish scroll
Sat 19 Nov 2016 01:37:43 INFO logger.py 33 6271 new_number: 984, num: 972, unchange_time: 0
Sat 19 Nov 2016 01:37:43 INFO logger.py 33 6271 start scroll up
Sat 19 Nov 2016 01:37:45 INFO logger.py 33 6271 start scroll down
Sat 19 Nov 2016 01:37:46 INFO logger.py 33 6271 finish scroll
Sat 19 Nov 2016 01:37:46 INFO logger.py 33 6271 new_number: 996, num: 984, unchange_time: 0
Sat 19 Nov 2016 01:37:46 INFO logger.py 33 6271 start scroll up
Sat 19 Nov 2016 01:37:48 INFO logger.py 33 6271 start scroll down
Sat 19 Nov 2016 01:37:49 INFO logger.py 33 6271 finish scroll
Sat 19 Nov 2016 01:37:49 INFO logger.py 33 6271 new_number: 1008, num: 996, unchange_time: 0
Sat 19 Nov 2016 01:37:49 INFO logger.py 33 6271 start scroll up
Sat 19 Nov 2016 01:37:50 INFO logger.py 33 6271 start scroll down
Sat 19 Nov 2016 01:37:52 INFO logger.py 33 6271 finish scroll
Sat 19 Nov 2016 01:37:52 INFO logger.py 33 6271 new_number: 1020, num: 1008, unchange_time: 0
Sat 19 Nov 2016 01:37:52 INFO logger.py 33 6271 start scroll up
Sat 19 Nov 2016 01:37:54 INFO logger.py 33 6271 start scroll down
Sat 19 Nov 2016 01:37:55 INFO logger.py 33 6271 finish scroll
Sat 19 Nov 2016 01:37:55 INFO logger.py 33 6271 new_number: 1032, num: 1020, unchange_time: 0
Sat 19 Nov 2016 01:37:55 INFO logger.py 33 6271 start scroll up
Sat 19 Nov 2016 01:37:57 INFO logger.py 33 6271 start scroll down
Sat 19 Nov 2016 01:37:58 INFO logger.py 33 6271 finish scroll
Sat 19 Nov 2016 01:37:58 INFO logger.py 33 6271 new_number: 1044, num: 1032, unchange_time: 0
Sat 19 Nov 2016 01:37:58 INFO logger.py 33 6271 start scroll up
Sat 19 Nov 2016 01:38:00 INFO logger.py 33 6271 start scroll down
Sat 19 Nov 2016 01:38:01 INFO logger.py 33 6271 finish scroll
Sat 19 Nov 2016 01:38:01 INFO logger.py 33 6271 new_number: 1056, num: 1044, unchange_time: 0
Sat 19 Nov 2016 01:38:01 INFO logger.py 33 6271 start scroll up
Sat 19 Nov 2016 01:38:02 INFO logger.py 33 6271 start scroll down
Sat 19 Nov 2016 01:38:04 INFO logger.py 33 6271 finish scroll
Sat 19 Nov 2016 01:38:04 INFO logger.py 33 6271 new_number: 1068, num: 1056, unchange_time: 0
Sat 19 Nov 2016 01:38:04 INFO logger.py 33 6271 start scroll up
Sat 19 Nov 2016 01:38:05 INFO logger.py 33 6271 start scroll down
Sat 19 Nov 2016 01:38:07 INFO logger.py 33 6271 finish scroll
Sat 19 Nov 2016 01:38:07 INFO logger.py 33 6271 new_number: 1080, num: 1068, unchange_time: 0
Sat 19 Nov 2016 01:38:07 INFO logger.py 33 6271 start scroll up
Sat 19 Nov 2016 01:38:08 INFO logger.py 33 6271 start scroll down
Sat 19 Nov 2016 01:38:10 INFO logger.py 33 6271 finish scroll
Sat 19 Nov 2016 01:38:10 INFO logger.py 33 6271 new_number: 1092, num: 1080, unchange_time: 0
Sat 19 Nov 2016 01:38:10 INFO logger.py 33 6271 start scroll up
Sat 19 Nov 2016 01:38:11 INFO logger.py 33 6271 start scroll down
Sat 19 Nov 2016 01:38:12 INFO logger.py 33 6271 finish scroll
Sat 19 Nov 2016 01:38:13 INFO logger.py 33 6271 new_number: 1104, num: 1092, unchange_time: 0
Sat 19 Nov 2016 01:38:13 INFO logger.py 33 6271 start scroll up
Sat 19 Nov 2016 01:38:14 INFO logger.py 33 6271 start scroll down
Sat 19 Nov 2016 01:38:15 INFO logger.py 33 6271 finish scroll
Sat 19 Nov 2016 01:38:15 INFO logger.py 33 6271 new_number: 1116, num: 1104, unchange_time: 0
Sat 19 Nov 2016 01:38:16 INFO logger.py 33 6271 start scroll up
Sat 19 Nov 2016 01:38:17 INFO logger.py 33 6271 start scroll down
Sat 19 Nov 2016 01:38:18 INFO logger.py 33 6271 finish scroll
Sat 19 Nov 2016 01:38:18 INFO logger.py 33 6271 new_number: 1128, num: 1116, unchange_time: 0
Sat 19 Nov 2016 01:38:18 INFO logger.py 33 6271 start scroll up
Sat 19 Nov 2016 01:38:19 INFO logger.py 33 6271 start scroll down
Sat 19 Nov 2016 01:38:21 INFO logger.py 33 6271 finish scroll
Sat 19 Nov 2016 01:38:21 INFO logger.py 33 6271 new_number: 1140, num: 1128, unchange_time: 0
Sat 19 Nov 2016 01:38:21 INFO logger.py 33 6271 start scroll up
Sat 19 Nov 2016 01:38:22 INFO logger.py 33 6271 start scroll down
Sat 19 Nov 2016 01:38:23 INFO logger.py 33 6271 finish scroll
Sat 19 Nov 2016 01:38:23 INFO logger.py 33 6271 new_number: 1152, num: 1140, unchange_time: 0
Sat 19 Nov 2016 01:38:23 INFO logger.py 33 6271 start scroll up
Sat 19 Nov 2016 01:38:25 INFO logger.py 33 6271 start scroll down
Sat 19 Nov 2016 01:38:26 INFO logger.py 33 6271 finish scroll
Sat 19 Nov 2016 01:38:26 INFO logger.py 33 6271 new_number: 1164, num: 1152, unchange_time: 0
Sat 19 Nov 2016 01:38:26 INFO logger.py 33 6271 start scroll up
Sat 19 Nov 2016 01:38:27 INFO logger.py 33 6271 start scroll down
Sat 19 Nov 2016 01:38:29 INFO logger.py 33 6271 finish scroll
Sat 19 Nov 2016 01:38:29 INFO logger.py 33 6271 new_number: 1176, num: 1164, unchange_time: 0
Sat 19 Nov 2016 01:38:29 INFO logger.py 33 6271 start scroll up
Sat 19 Nov 2016 01:38:30 INFO logger.py 33 6271 start scroll down
Sat 19 Nov 2016 01:38:31 INFO logger.py 33 6271 finish scroll
Sat 19 Nov 2016 01:38:31 INFO logger.py 33 6271 new_number: 1188, num: 1176, unchange_time: 0
Sat 19 Nov 2016 01:38:31 INFO logger.py 33 6271 start scroll up
Sat 19 Nov 2016 01:38:33 INFO logger.py 33 6271 start scroll down
Sat 19 Nov 2016 01:38:34 INFO logger.py 33 6271 finish scroll
Sat 19 Nov 2016 01:38:34 INFO logger.py 33 6271 new_number: 1200, num: 1188, unchange_time: 0
Sat 19 Nov 2016 01:38:34 INFO logger.py 33 6271 start scroll up
Sat 19 Nov 2016 01:38:35 INFO logger.py 33 6271 start scroll down
Sat 19 Nov 2016 01:38:36 INFO logger.py 33 6271 finish scroll
Sat 19 Nov 2016 01:38:37 INFO logger.py 33 6271 new_number: 1212, num: 1200, unchange_time: 0
Sat 19 Nov 2016 01:38:37 INFO logger.py 33 6271 start scroll up
Sat 19 Nov 2016 01:38:38 INFO logger.py 33 6271 start scroll down
Sat 19 Nov 2016 01:38:39 INFO logger.py 33 6271 finish scroll
Sat 19 Nov 2016 01:38:39 INFO logger.py 33 6271 new_number: 1224, num: 1212, unchange_time: 0
Sat 19 Nov 2016 01:38:39 INFO logger.py 33 6271 start scroll up
Sat 19 Nov 2016 01:38:40 INFO logger.py 33 6271 start scroll down
Sat 19 Nov 2016 01:38:42 INFO logger.py 33 6271 finish scroll
Sat 19 Nov 2016 01:38:42 INFO logger.py 33 6271 new_number: 1236, num: 1224, unchange_time: 0
Sat 19 Nov 2016 01:38:42 INFO logger.py 33 6271 start scroll up
Sat 19 Nov 2016 01:38:44 INFO logger.py 33 6271 start scroll down
Sat 19 Nov 2016 01:38:45 INFO logger.py 33 6271 finish scroll
Sat 19 Nov 2016 01:38:45 INFO logger.py 33 6271 new_number: 1248, num: 1236, unchange_time: 0
Sat 19 Nov 2016 01:38:45 INFO logger.py 33 6271 start scroll up
Sat 19 Nov 2016 01:38:47 INFO logger.py 33 6271 start scroll down
Sat 19 Nov 2016 01:38:48 INFO logger.py 33 6271 finish scroll
Sat 19 Nov 2016 01:38:48 INFO logger.py 33 6271 new_number: 1260, num: 1248, unchange_time: 0
Sat 19 Nov 2016 01:38:48 INFO logger.py 33 6271 start scroll up
Sat 19 Nov 2016 01:38:49 INFO logger.py 33 6271 start scroll down
Sat 19 Nov 2016 01:38:50 INFO logger.py 33 6271 finish scroll
Sat 19 Nov 2016 01:38:51 INFO logger.py 33 6271 new_number: 1272, num: 1260, unchange_time: 0
Sat 19 Nov 2016 01:38:51 INFO logger.py 33 6271 start scroll up
Sat 19 Nov 2016 01:38:51 INFO logger.py 33 6271 start scroll down
Sat 19 Nov 2016 01:38:53 INFO logger.py 33 6271 finish scroll
Sat 19 Nov 2016 01:38:53 INFO logger.py 33 6271 new_number: 1284, num: 1272, unchange_time: 0
Sat 19 Nov 2016 01:38:53 INFO logger.py 33 6271 start scroll up
Sat 19 Nov 2016 01:38:55 INFO logger.py 33 6271 start scroll down
Sat 19 Nov 2016 01:38:57 INFO logger.py 33 6271 finish scroll
Sat 19 Nov 2016 01:38:57 INFO logger.py 33 6271 new_number: 1296, num: 1284, unchange_time: 0
Sat 19 Nov 2016 01:38:57 INFO logger.py 33 6271 start scroll up
Sat 19 Nov 2016 01:38:58 INFO logger.py 33 6271 start scroll down
Sat 19 Nov 2016 01:39:00 INFO logger.py 33 6271 finish scroll
Sat 19 Nov 2016 01:39:00 INFO logger.py 33 6271 new_number: 1308, num: 1296, unchange_time: 0
Sat 19 Nov 2016 01:39:00 INFO logger.py 33 6271 start scroll up
Sat 19 Nov 2016 01:39:01 INFO logger.py 33 6271 start scroll down
Sat 19 Nov 2016 01:39:02 INFO logger.py 33 6271 finish scroll
Sat 19 Nov 2016 01:39:02 INFO logger.py 33 6271 new_number: 1320, num: 1308, unchange_time: 0
Sat 19 Nov 2016 01:39:02 INFO logger.py 33 6271 start scroll up
Sat 19 Nov 2016 01:39:03 INFO logger.py 33 6271 start scroll down
Sat 19 Nov 2016 01:39:04 INFO logger.py 33 6271 finish scroll
Sat 19 Nov 2016 01:39:04 INFO logger.py 33 6271 new_number: 1332, num: 1320, unchange_time: 0
Sat 19 Nov 2016 01:39:05 INFO logger.py 33 6271 start scroll up
Sat 19 Nov 2016 01:39:06 INFO logger.py 33 6271 start scroll down
Sat 19 Nov 2016 01:39:07 INFO logger.py 33 6271 finish scroll
Sat 19 Nov 2016 01:39:07 INFO logger.py 33 6271 new_number: 1344, num: 1332, unchange_time: 0
Sat 19 Nov 2016 01:39:07 INFO logger.py 33 6271 start scroll up
Sat 19 Nov 2016 01:39:09 INFO logger.py 33 6271 start scroll down
Sat 19 Nov 2016 01:39:09 INFO logger.py 33 6271 finish scroll
Sat 19 Nov 2016 01:39:10 INFO logger.py 33 6271 new_number: 1356, num: 1344, unchange_time: 0
Sat 19 Nov 2016 01:39:10 INFO logger.py 33 6271 start scroll up
Sat 19 Nov 2016 01:39:11 INFO logger.py 33 6271 start scroll down
Sat 19 Nov 2016 01:39:12 INFO logger.py 33 6271 finish scroll
Sat 19 Nov 2016 01:39:13 INFO logger.py 33 6271 new_number: 1368, num: 1356, unchange_time: 0
Sat 19 Nov 2016 01:39:13 INFO logger.py 33 6271 start scroll up
Sat 19 Nov 2016 01:39:15 INFO logger.py 33 6271 start scroll down
Sat 19 Nov 2016 01:39:16 INFO logger.py 33 6271 finish scroll
Sat 19 Nov 2016 01:39:17 INFO logger.py 33 6271 new_number: 1380, num: 1368, unchange_time: 0
Sat 19 Nov 2016 01:39:17 INFO logger.py 33 6271 start scroll up
Sat 19 Nov 2016 01:39:18 INFO logger.py 33 6271 start scroll down
Sat 19 Nov 2016 01:39:20 INFO logger.py 33 6271 finish scroll
Sat 19 Nov 2016 01:39:20 INFO logger.py 33 6271 new_number: 1392, num: 1380, unchange_time: 0
Sat 19 Nov 2016 01:39:20 INFO logger.py 33 6271 start scroll up
Sat 19 Nov 2016 01:39:21 INFO logger.py 33 6271 start scroll down
Sat 19 Nov 2016 01:39:22 INFO logger.py 33 6271 finish scroll
Sat 19 Nov 2016 01:39:23 INFO logger.py 33 6271 new_number: 1404, num: 1392, unchange_time: 0
Sat 19 Nov 2016 01:39:23 INFO logger.py 33 6271 start scroll up
Sat 19 Nov 2016 01:39:24 INFO logger.py 33 6271 start scroll down
Sat 19 Nov 2016 01:39:26 INFO logger.py 33 6271 finish scroll
Sat 19 Nov 2016 01:39:26 INFO logger.py 33 6271 new_number: 1416, num: 1404, unchange_time: 0
Sat 19 Nov 2016 01:39:26 INFO logger.py 33 6271 start scroll up
Sat 19 Nov 2016 01:39:27 INFO logger.py 33 6271 start scroll down
Sat 19 Nov 2016 01:39:28 INFO logger.py 33 6271 finish scroll
Sat 19 Nov 2016 01:39:29 INFO logger.py 33 6271 new_number: 1428, num: 1416, unchange_time: 0
Sat 19 Nov 2016 01:39:29 INFO logger.py 33 6271 start scroll up
Sat 19 Nov 2016 01:39:30 INFO logger.py 33 6271 start scroll down
Sat 19 Nov 2016 01:39:31 INFO logger.py 33 6271 finish scroll
Sat 19 Nov 2016 01:39:31 INFO logger.py 33 6271 new_number: 1440, num: 1428, unchange_time: 0
Sat 19 Nov 2016 01:39:31 INFO logger.py 33 6271 start scroll up
Sat 19 Nov 2016 01:39:33 INFO logger.py 33 6271 start scroll down
Sat 19 Nov 2016 01:39:34 INFO logger.py 33 6271 finish scroll
Sat 19 Nov 2016 01:39:34 INFO logger.py 33 6271 new_number: 1452, num: 1440, unchange_time: 0
Sat 19 Nov 2016 01:39:34 INFO logger.py 33 6271 start scroll up
Sat 19 Nov 2016 01:39:36 INFO logger.py 33 6271 start scroll down
Sat 19 Nov 2016 01:39:38 INFO logger.py 33 6271 finish scroll
Sat 19 Nov 2016 01:39:38 INFO logger.py 33 6271 new_number: 1464, num: 1452, unchange_time: 0
Sat 19 Nov 2016 01:39:39 INFO logger.py 33 6271 start scroll up
Sat 19 Nov 2016 01:39:40 INFO logger.py 33 6271 start scroll down
Sat 19 Nov 2016 01:39:42 INFO logger.py 33 6271 finish scroll
Sat 19 Nov 2016 01:39:42 INFO logger.py 33 6271 new_number: 1476, num: 1464, unchange_time: 0
Sat 19 Nov 2016 01:39:42 INFO logger.py 33 6271 start scroll up
Sat 19 Nov 2016 01:39:44 INFO logger.py 33 6271 start scroll down
Sat 19 Nov 2016 01:39:45 INFO logger.py 33 6271 finish scroll
Sat 19 Nov 2016 01:39:46 INFO logger.py 33 6271 new_number: 1488, num: 1476, unchange_time: 0
Sat 19 Nov 2016 01:39:46 INFO logger.py 33 6271 start scroll up
Sat 19 Nov 2016 01:39:47 INFO logger.py 33 6271 start scroll down
Sat 19 Nov 2016 01:39:48 INFO logger.py 33 6271 finish scroll
Sat 19 Nov 2016 01:39:49 INFO logger.py 33 6271 new_number: 1500, num: 1488, unchange_time: 0
Sat 19 Nov 2016 01:39:49 INFO logger.py 33 6271 start scroll up
Sat 19 Nov 2016 01:39:50 INFO logger.py 33 6271 start scroll down
Sat 19 Nov 2016 01:39:51 INFO logger.py 33 6271 finish scroll
Sat 19 Nov 2016 01:39:52 INFO logger.py 33 6271 new_number: 1512, num: 1500, unchange_time: 0
Sat 19 Nov 2016 01:39:52 INFO logger.py 33 6271 start scroll up
Sat 19 Nov 2016 01:39:54 INFO logger.py 33 6271 start scroll down
Sat 19 Nov 2016 01:39:55 INFO logger.py 33 6271 finish scroll
Sat 19 Nov 2016 01:39:55 INFO logger.py 33 6271 new_number: 1524, num: 1512, unchange_time: 0
Sat 19 Nov 2016 01:39:56 INFO logger.py 33 6271 start scroll up
Sat 19 Nov 2016 01:39:57 INFO logger.py 33 6271 start scroll down
Sat 19 Nov 2016 01:39:58 INFO logger.py 33 6271 finish scroll
Sat 19 Nov 2016 01:39:58 INFO logger.py 33 6271 new_number: 1536, num: 1524, unchange_time: 0
Sat 19 Nov 2016 01:39:58 INFO logger.py 33 6271 start scroll up
Sat 19 Nov 2016 01:40:00 INFO logger.py 33 6271 start scroll down
Sat 19 Nov 2016 01:40:02 INFO logger.py 33 6271 finish scroll
Sat 19 Nov 2016 01:40:02 INFO logger.py 33 6271 new_number: 1548, num: 1536, unchange_time: 0
Sat 19 Nov 2016 01:40:02 INFO logger.py 33 6271 start scroll up
Sat 19 Nov 2016 01:40:03 INFO logger.py 33 6271 start scroll down
Sat 19 Nov 2016 01:40:05 INFO logger.py 33 6271 finish scroll
Sat 19 Nov 2016 01:40:05 INFO logger.py 33 6271 new_number: 1560, num: 1548, unchange_time: 0
Sat 19 Nov 2016 01:40:05 INFO logger.py 33 6271 start scroll up
Sat 19 Nov 2016 01:40:07 INFO logger.py 33 6271 start scroll down
Sat 19 Nov 2016 01:40:08 INFO logger.py 33 6271 finish scroll
Sat 19 Nov 2016 01:40:09 INFO logger.py 33 6271 new_number: 1572, num: 1560, unchange_time: 0
Sat 19 Nov 2016 01:40:09 INFO logger.py 33 6271 start scroll up
Sat 19 Nov 2016 01:40:11 INFO logger.py 33 6271 start scroll down
Sat 19 Nov 2016 01:40:12 INFO logger.py 33 6271 finish scroll
Sat 19 Nov 2016 01:40:13 INFO logger.py 33 6271 new_number: 1584, num: 1572, unchange_time: 0
Sat 19 Nov 2016 01:40:13 INFO logger.py 33 6271 start scroll up
Sat 19 Nov 2016 01:40:14 INFO logger.py 33 6271 start scroll down
Sat 19 Nov 2016 01:40:16 INFO logger.py 33 6271 finish scroll
Sat 19 Nov 2016 01:40:16 INFO logger.py 33 6271 new_number: 1596, num: 1584, unchange_time: 0
Sat 19 Nov 2016 01:40:17 INFO logger.py 33 6271 start scroll up
Sat 19 Nov 2016 01:40:18 INFO logger.py 33 6271 start scroll down
Sat 19 Nov 2016 01:40:19 INFO logger.py 33 6271 finish scroll
Sat 19 Nov 2016 01:40:20 INFO logger.py 33 6271 new_number: 1608, num: 1596, unchange_time: 0
Sat 19 Nov 2016 01:40:20 INFO logger.py 33 6271 start scroll up
Sat 19 Nov 2016 01:40:21 INFO logger.py 33 6271 start scroll down
Sat 19 Nov 2016 01:40:22 INFO logger.py 33 6271 finish scroll
Sat 19 Nov 2016 01:40:23 INFO logger.py 33 6271 new_number: 1620, num: 1608, unchange_time: 0
Sat 19 Nov 2016 01:40:23 INFO logger.py 33 6271 start scroll up
Sat 19 Nov 2016 01:40:24 INFO logger.py 33 6271 start scroll down
Sat 19 Nov 2016 01:40:25 INFO logger.py 33 6271 finish scroll
Sat 19 Nov 2016 01:40:26 INFO logger.py 33 6271 new_number: 1632, num: 1620, unchange_time: 0
Sat 19 Nov 2016 01:40:26 INFO logger.py 33 6271 start scroll up
Sat 19 Nov 2016 01:40:27 INFO logger.py 33 6271 start scroll down
Sat 19 Nov 2016 01:40:29 INFO logger.py 33 6271 finish scroll
Sat 19 Nov 2016 01:40:29 INFO logger.py 33 6271 new_number: 1644, num: 1632, unchange_time: 0
Sat 19 Nov 2016 01:40:30 INFO logger.py 33 6271 start scroll up
Sat 19 Nov 2016 01:40:31 INFO logger.py 33 6271 start scroll down
Sat 19 Nov 2016 01:40:32 INFO logger.py 33 6271 finish scroll
Sat 19 Nov 2016 01:40:33 INFO logger.py 33 6271 new_number: 1656, num: 1644, unchange_time: 0
Sat 19 Nov 2016 01:40:33 INFO logger.py 33 6271 start scroll up
Sat 19 Nov 2016 01:40:35 INFO logger.py 33 6271 start scroll down
Sat 19 Nov 2016 01:40:36 INFO logger.py 33 6271 finish scroll
Sat 19 Nov 2016 01:40:36 INFO logger.py 33 6271 new_number: 1668, num: 1656, unchange_time: 0
Sat 19 Nov 2016 01:40:37 INFO logger.py 33 6271 start scroll up
Sat 19 Nov 2016 01:40:38 INFO logger.py 33 6271 start scroll down
Sat 19 Nov 2016 01:40:39 INFO logger.py 33 6271 finish scroll
Sat 19 Nov 2016 01:40:40 INFO logger.py 33 6271 new_number: 1680, num: 1668, unchange_time: 0
Sat 19 Nov 2016 01:40:40 INFO logger.py 33 6271 start scroll up
Sat 19 Nov 2016 01:40:41 INFO logger.py 33 6271 start scroll down
Sat 19 Nov 2016 01:40:42 INFO logger.py 33 6271 finish scroll
Sat 19 Nov 2016 01:40:43 INFO logger.py 33 6271 new_number: 1692, num: 1680, unchange_time: 0
Sat 19 Nov 2016 01:40:43 INFO logger.py 33 6271 start scroll up
Sat 19 Nov 2016 01:40:44 INFO logger.py 33 6271 start scroll down
Sat 19 Nov 2016 01:40:46 INFO logger.py 33 6271 finish scroll
Sat 19 Nov 2016 01:40:47 INFO logger.py 33 6271 new_number: 1704, num: 1692, unchange_time: 0
Sat 19 Nov 2016 01:40:47 INFO logger.py 33 6271 start scroll up
Sat 19 Nov 2016 01:40:49 INFO logger.py 33 6271 start scroll down
Sat 19 Nov 2016 01:40:50 INFO logger.py 33 6271 finish scroll
Sat 19 Nov 2016 01:40:51 INFO logger.py 33 6271 new_number: 1716, num: 1704, unchange_time: 0
Sat 19 Nov 2016 01:40:51 INFO logger.py 33 6271 start scroll up
Sat 19 Nov 2016 01:40:53 INFO logger.py 33 6271 start scroll down
Sat 19 Nov 2016 01:40:54 INFO logger.py 33 6271 finish scroll
Sat 19 Nov 2016 01:40:55 INFO logger.py 33 6271 new_number: 1728, num: 1716, unchange_time: 0
Sat 19 Nov 2016 01:40:55 INFO logger.py 33 6271 start scroll up
Sat 19 Nov 2016 01:40:57 INFO logger.py 33 6271 start scroll down
Sat 19 Nov 2016 01:40:57 INFO logger.py 33 6271 finish scroll
Sat 19 Nov 2016 01:40:58 INFO logger.py 33 6271 new_number: 1740, num: 1728, unchange_time: 0
Sat 19 Nov 2016 01:40:58 INFO logger.py 33 6271 start scroll up
Sat 19 Nov 2016 01:40:59 INFO logger.py 33 6271 start scroll down
Sat 19 Nov 2016 01:41:00 INFO logger.py 33 6271 finish scroll
Sat 19 Nov 2016 01:41:01 INFO logger.py 33 6271 new_number: 1752, num: 1740, unchange_time: 0
Sat 19 Nov 2016 01:41:01 INFO logger.py 33 6271 start scroll up
Sat 19 Nov 2016 01:41:03 INFO logger.py 33 6271 start scroll down
Sat 19 Nov 2016 01:41:04 INFO logger.py 33 6271 finish scroll
Sat 19 Nov 2016 01:41:04 INFO logger.py 33 6271 new_number: 1764, num: 1752, unchange_time: 0
Sat 19 Nov 2016 01:41:05 INFO logger.py 33 6271 start scroll up
Sat 19 Nov 2016 01:41:06 INFO logger.py 33 6271 start scroll down
Sat 19 Nov 2016 01:41:08 INFO logger.py 33 6271 finish scroll
Sat 19 Nov 2016 01:41:08 INFO logger.py 33 6271 new_number: 1776, num: 1764, unchange_time: 0
Sat 19 Nov 2016 01:41:09 INFO logger.py 33 6271 start scroll up
Sat 19 Nov 2016 01:41:10 INFO logger.py 33 6271 start scroll down
Sat 19 Nov 2016 01:41:12 INFO logger.py 33 6271 finish scroll
Sat 19 Nov 2016 01:41:12 INFO logger.py 33 6271 new_number: 1788, num: 1776, unchange_time: 0
Sat 19 Nov 2016 01:41:12 INFO logger.py 33 6271 start scroll up
Sat 19 Nov 2016 01:41:14 INFO logger.py 33 6271 start scroll down
Sat 19 Nov 2016 01:41:16 INFO logger.py 33 6271 finish scroll
Sat 19 Nov 2016 01:41:16 INFO logger.py 33 6271 new_number: 1800, num: 1788, unchange_time: 0
Sat 19 Nov 2016 01:41:16 INFO logger.py 33 6271 start scroll up
Sat 19 Nov 2016 01:41:17 INFO logger.py 33 6271 start scroll down
Sat 19 Nov 2016 01:41:18 INFO logger.py 33 6271 finish scroll
Sat 19 Nov 2016 01:41:19 INFO logger.py 33 6271 new_number: 1812, num: 1800, unchange_time: 0
Sat 19 Nov 2016 01:41:20 INFO logger.py 33 6271 start scroll up
Sat 19 Nov 2016 01:41:21 INFO logger.py 33 6271 start scroll down
Sat 19 Nov 2016 01:41:23 INFO logger.py 33 6271 finish scroll
Sat 19 Nov 2016 01:41:24 INFO logger.py 33 6271 new_number: 1824, num: 1812, unchange_time: 0
Sat 19 Nov 2016 01:41:24 INFO logger.py 33 6271 start scroll up
Sat 19 Nov 2016 01:41:26 INFO logger.py 33 6271 start scroll down
Sat 19 Nov 2016 01:41:27 INFO logger.py 33 6271 finish scroll
Sat 19 Nov 2016 01:41:28 INFO logger.py 33 6271 new_number: 1836, num: 1824, unchange_time: 0
Sat 19 Nov 2016 01:41:28 INFO logger.py 33 6271 start scroll up
Sat 19 Nov 2016 01:41:30 INFO logger.py 33 6271 start scroll down
Sat 19 Nov 2016 01:41:31 INFO logger.py 33 6271 finish scroll
Sat 19 Nov 2016 01:41:32 INFO logger.py 33 6271 new_number: 1848, num: 1836, unchange_time: 0
Sat 19 Nov 2016 01:41:32 INFO logger.py 33 6271 start scroll up
Sat 19 Nov 2016 01:41:33 INFO logger.py 33 6271 start scroll down
Sat 19 Nov 2016 01:41:34 INFO logger.py 33 6271 finish scroll
Sat 19 Nov 2016 01:41:35 INFO logger.py 33 6271 new_number: 1860, num: 1848, unchange_time: 0
Sat 19 Nov 2016 01:41:35 INFO logger.py 33 6271 start scroll up
Sat 19 Nov 2016 01:41:37 INFO logger.py 33 6271 start scroll down
Sat 19 Nov 2016 01:41:38 INFO logger.py 33 6271 finish scroll
Sat 19 Nov 2016 01:41:38 INFO logger.py 33 6271 new_number: 1872, num: 1860, unchange_time: 0
Sat 19 Nov 2016 01:41:39 INFO logger.py 33 6271 start scroll up
Sat 19 Nov 2016 01:41:40 INFO logger.py 33 6271 start scroll down
Sat 19 Nov 2016 01:41:42 INFO logger.py 33 6271 finish scroll
Sat 19 Nov 2016 01:41:42 INFO logger.py 33 6271 new_number: 1884, num: 1872, unchange_time: 0
Sat 19 Nov 2016 01:41:43 INFO logger.py 33 6271 start scroll up
Sat 19 Nov 2016 01:41:44 INFO logger.py 33 6271 start scroll down
Sat 19 Nov 2016 01:41:46 INFO logger.py 33 6271 finish scroll
Sat 19 Nov 2016 01:41:47 INFO logger.py 33 6271 new_number: 1896, num: 1884, unchange_time: 0
Sat 19 Nov 2016 01:41:47 INFO logger.py 33 6271 start scroll up
Sat 19 Nov 2016 01:41:49 INFO logger.py 33 6271 start scroll down
Sat 19 Nov 2016 01:41:50 INFO logger.py 33 6271 finish scroll
Sat 19 Nov 2016 01:41:51 INFO logger.py 33 6271 new_number: 1908, num: 1896, unchange_time: 0
Sat 19 Nov 2016 01:41:51 INFO logger.py 33 6271 start scroll up
Sat 19 Nov 2016 01:41:53 INFO logger.py 33 6271 start scroll down
Sat 19 Nov 2016 01:41:55 INFO logger.py 33 6271 finish scroll
Sat 19 Nov 2016 01:41:56 INFO logger.py 33 6271 new_number: 1920, num: 1908, unchange_time: 0
Sat 19 Nov 2016 01:41:56 INFO logger.py 33 6271 start scroll up
Sat 19 Nov 2016 01:41:57 INFO logger.py 33 6271 start scroll down
Sat 19 Nov 2016 01:41:58 INFO logger.py 33 6271 finish scroll
Sat 19 Nov 2016 01:41:59 INFO logger.py 33 6271 new_number: 1932, num: 1920, unchange_time: 0
Sat 19 Nov 2016 01:41:59 INFO logger.py 33 6271 start scroll up
Sat 19 Nov 2016 01:42:01 INFO logger.py 33 6271 start scroll down
Sat 19 Nov 2016 01:42:02 INFO logger.py 33 6271 finish scroll
Sat 19 Nov 2016 01:42:03 INFO logger.py 33 6271 new_number: 1944, num: 1932, unchange_time: 0
Sat 19 Nov 2016 01:42:03 INFO logger.py 33 6271 start scroll up
Sat 19 Nov 2016 01:42:05 INFO logger.py 33 6271 start scroll down
Sat 19 Nov 2016 01:42:07 INFO logger.py 33 6271 finish scroll
Sat 19 Nov 2016 01:42:07 INFO logger.py 33 6271 new_number: 1956, num: 1944, unchange_time: 0
Sat 19 Nov 2016 01:42:08 INFO logger.py 33 6271 start scroll up
Sat 19 Nov 2016 01:42:09 INFO logger.py 33 6271 start scroll down
Sat 19 Nov 2016 01:42:11 INFO logger.py 33 6271 finish scroll
Sat 19 Nov 2016 01:42:11 INFO logger.py 33 6271 new_number: 1968, num: 1956, unchange_time: 0
Sat 19 Nov 2016 01:42:12 INFO logger.py 33 6271 start scroll up
Sat 19 Nov 2016 01:42:13 INFO logger.py 33 6271 start scroll down
Sat 19 Nov 2016 01:42:15 INFO logger.py 33 6271 finish scroll
Sat 19 Nov 2016 01:42:16 INFO logger.py 33 6271 new_number: 1980, num: 1968, unchange_time: 0
Sat 19 Nov 2016 01:42:16 INFO logger.py 33 6271 start scroll up
Sat 19 Nov 2016 01:42:18 INFO logger.py 33 6271 start scroll down
Sat 19 Nov 2016 01:42:19 INFO logger.py 33 6271 finish scroll
Sat 19 Nov 2016 01:42:20 INFO logger.py 33 6271 new_number: 1992, num: 1980, unchange_time: 0
Sat 19 Nov 2016 01:42:21 INFO logger.py 33 6271 start scroll up
Sat 19 Nov 2016 01:42:21 INFO logger.py 33 6271 start scroll down
Sat 19 Nov 2016 01:42:23 INFO logger.py 33 6271 finish scroll
Sat 19 Nov 2016 01:42:24 INFO logger.py 33 6271 new_number: 2004, num: 1992, unchange_time: 0
Sat 19 Nov 2016 01:42:24 INFO logger.py 33 6271 start scroll up
Sat 19 Nov 2016 01:42:25 INFO logger.py 33 6271 start scroll down
Sat 19 Nov 2016 01:42:27 INFO logger.py 33 6271 finish scroll
Sat 19 Nov 2016 01:42:28 INFO logger.py 33 6271 new_number: 2016, num: 2004, unchange_time: 0
Sat 19 Nov 2016 01:42:28 INFO logger.py 33 6271 start scroll up
Sat 19 Nov 2016 01:42:30 INFO logger.py 33 6271 start scroll down
Sat 19 Nov 2016 01:42:31 INFO logger.py 33 6271 finish scroll
Sat 19 Nov 2016 01:42:32 INFO logger.py 33 6271 new_number: 2028, num: 2016, unchange_time: 0
Sat 19 Nov 2016 01:42:32 INFO logger.py 33 6271 start scroll up
Sat 19 Nov 2016 01:42:34 INFO logger.py 33 6271 start scroll down
Sat 19 Nov 2016 01:42:36 INFO logger.py 33 6271 finish scroll
Sat 19 Nov 2016 01:42:37 INFO logger.py 33 6271 new_number: 2040, num: 2028, unchange_time: 0
Sat 19 Nov 2016 01:42:37 INFO logger.py 33 6271 start scroll up
Sat 19 Nov 2016 01:42:39 INFO logger.py 33 6271 start scroll down
Sat 19 Nov 2016 01:42:40 INFO logger.py 33 6271 finish scroll
Sat 19 Nov 2016 01:42:41 INFO logger.py 33 6271 new_number: 2052, num: 2040, unchange_time: 0
Sat 19 Nov 2016 01:42:42 INFO logger.py 33 6271 start scroll up
Sat 19 Nov 2016 01:42:43 INFO logger.py 33 6271 start scroll down
Sat 19 Nov 2016 01:42:45 INFO logger.py 33 6271 finish scroll
Sat 19 Nov 2016 01:42:45 INFO logger.py 33 6271 new_number: 2064, num: 2052, unchange_time: 0
Sat 19 Nov 2016 01:42:46 INFO logger.py 33 6271 start scroll up
Sat 19 Nov 2016 01:42:47 INFO logger.py 33 6271 start scroll down
Sat 19 Nov 2016 01:42:49 INFO logger.py 33 6271 finish scroll
Sat 19 Nov 2016 01:42:50 INFO logger.py 33 6271 new_number: 2076, num: 2064, unchange_time: 0
Sat 19 Nov 2016 01:42:50 INFO logger.py 33 6271 start scroll up
Sat 19 Nov 2016 01:42:52 INFO logger.py 33 6271 start scroll down
Sat 19 Nov 2016 01:42:54 INFO logger.py 33 6271 finish scroll
Sat 19 Nov 2016 01:42:55 INFO logger.py 33 6271 new_number: 2088, num: 2076, unchange_time: 0
Sat 19 Nov 2016 01:42:55 INFO logger.py 33 6271 start scroll up
Sat 19 Nov 2016 01:42:56 INFO logger.py 33 6271 start scroll down
Sat 19 Nov 2016 01:42:58 INFO logger.py 33 6271 finish scroll
Sat 19 Nov 2016 01:42:59 INFO logger.py 33 6271 new_number: 2100, num: 2088, unchange_time: 0
Sat 19 Nov 2016 01:43:00 INFO logger.py 33 6271 start scroll up
Sat 19 Nov 2016 01:43:01 INFO logger.py 33 6271 start scroll down
Sat 19 Nov 2016 01:43:03 INFO logger.py 33 6271 finish scroll
Sat 19 Nov 2016 01:43:03 INFO logger.py 33 6271 new_number: 2112, num: 2100, unchange_time: 0
Sat 19 Nov 2016 01:43:04 INFO logger.py 33 6271 start scroll up
Sat 19 Nov 2016 01:43:06 INFO logger.py 33 6271 start scroll down
Sat 19 Nov 2016 01:43:07 INFO logger.py 33 6271 finish scroll
Sat 19 Nov 2016 01:43:08 INFO logger.py 33 6271 new_number: 2124, num: 2112, unchange_time: 0
Sat 19 Nov 2016 01:43:08 INFO logger.py 33 6271 start scroll up
Sat 19 Nov 2016 01:43:09 INFO logger.py 33 6271 start scroll down
Sat 19 Nov 2016 01:43:10 INFO logger.py 33 6271 finish scroll
Sat 19 Nov 2016 01:43:11 INFO logger.py 33 6271 new_number: 2136, num: 2124, unchange_time: 0
Sat 19 Nov 2016 01:43:12 INFO logger.py 33 6271 start scroll up
Sat 19 Nov 2016 01:43:12 INFO logger.py 33 6271 start scroll down
Sat 19 Nov 2016 01:43:14 INFO logger.py 33 6271 finish scroll
Sat 19 Nov 2016 01:43:14 INFO logger.py 33 6271 new_number: 2148, num: 2136, unchange_time: 0
Sat 19 Nov 2016 01:43:15 INFO logger.py 33 6271 start scroll up
Sat 19 Nov 2016 01:43:16 INFO logger.py 33 6271 start scroll down
Sat 19 Nov 2016 01:43:17 INFO logger.py 33 6271 finish scroll
Sat 19 Nov 2016 01:43:18 INFO logger.py 33 6271 new_number: 2160, num: 2148, unchange_time: 0
Sat 19 Nov 2016 01:43:19 INFO logger.py 33 6271 start scroll up
Sat 19 Nov 2016 01:43:20 INFO logger.py 33 6271 start scroll down
Sat 19 Nov 2016 01:43:21 INFO logger.py 33 6271 finish scroll
Sat 19 Nov 2016 01:43:22 INFO logger.py 33 6271 new_number: 2172, num: 2160, unchange_time: 0
Sat 19 Nov 2016 01:43:23 INFO logger.py 33 6271 start scroll up
Sat 19 Nov 2016 01:43:24 INFO logger.py 33 6271 start scroll down
Sat 19 Nov 2016 01:43:26 INFO logger.py 33 6271 finish scroll
Sat 19 Nov 2016 01:43:27 INFO logger.py 33 6271 new_number: 2184, num: 2172, unchange_time: 0
Sat 19 Nov 2016 01:43:27 INFO logger.py 33 6271 start scroll up
Sat 19 Nov 2016 01:43:28 INFO logger.py 33 6271 start scroll down
Sat 19 Nov 2016 01:43:30 INFO logger.py 33 6271 finish scroll
Sat 19 Nov 2016 01:43:31 INFO logger.py 33 6271 new_number: 2196, num: 2184, unchange_time: 0
Sat 19 Nov 2016 01:43:31 INFO logger.py 33 6271 start scroll up
Sat 19 Nov 2016 01:43:33 INFO logger.py 33 6271 start scroll down
Sat 19 Nov 2016 01:43:35 INFO logger.py 33 6271 finish scroll
Sat 19 Nov 2016 01:43:36 INFO logger.py 33 6271 new_number: 2208, num: 2196, unchange_time: 0
Sat 19 Nov 2016 01:43:36 INFO logger.py 33 6271 start scroll up
Sat 19 Nov 2016 01:43:37 INFO logger.py 33 6271 start scroll down
Sat 19 Nov 2016 01:43:39 INFO logger.py 33 6271 finish scroll
Sat 19 Nov 2016 01:43:40 INFO logger.py 33 6271 new_number: 2220, num: 2208, unchange_time: 0
Sat 19 Nov 2016 01:43:40 INFO logger.py 33 6271 start scroll up
Sat 19 Nov 2016 01:43:42 INFO logger.py 33 6271 start scroll down
Sat 19 Nov 2016 01:43:43 INFO logger.py 33 6271 finish scroll
Sat 19 Nov 2016 01:43:44 INFO logger.py 33 6271 new_number: 2232, num: 2220, unchange_time: 0
Sat 19 Nov 2016 01:43:45 INFO logger.py 33 6271 start scroll up
Sat 19 Nov 2016 01:43:46 INFO logger.py 33 6271 start scroll down
Sat 19 Nov 2016 01:43:48 INFO logger.py 33 6271 finish scroll
Sat 19 Nov 2016 01:43:48 INFO logger.py 33 6271 new_number: 2244, num: 2232, unchange_time: 0
Sat 19 Nov 2016 01:43:49 INFO logger.py 33 6271 start scroll up
Sat 19 Nov 2016 01:43:50 INFO logger.py 33 6271 start scroll down
Sat 19 Nov 2016 01:43:51 INFO logger.py 33 6271 finish scroll
Sat 19 Nov 2016 01:43:52 INFO logger.py 33 6271 new_number: 2256, num: 2244, unchange_time: 0
Sat 19 Nov 2016 01:43:53 INFO logger.py 33 6271 start scroll up
Sat 19 Nov 2016 01:43:54 INFO logger.py 33 6271 start scroll down
Sat 19 Nov 2016 01:43:56 INFO logger.py 33 6271 finish scroll
Sat 19 Nov 2016 01:43:57 INFO logger.py 33 6271 new_number: 2268, num: 2256, unchange_time: 0
Sat 19 Nov 2016 01:43:58 INFO logger.py 33 6271 start scroll up
Sat 19 Nov 2016 01:43:59 INFO logger.py 33 6271 start scroll down
Sat 19 Nov 2016 01:44:01 INFO logger.py 33 6271 finish scroll
Sat 19 Nov 2016 01:44:02 INFO logger.py 33 6271 new_number: 2280, num: 2268, unchange_time: 0
Sat 19 Nov 2016 01:44:02 INFO logger.py 33 6271 start scroll up
Sat 19 Nov 2016 01:44:03 INFO logger.py 33 6271 start scroll down
Sat 19 Nov 2016 01:44:04 INFO logger.py 33 6271 finish scroll
Sat 19 Nov 2016 01:44:05 INFO logger.py 33 6271 new_number: 2292, num: 2280, unchange_time: 0
Sat 19 Nov 2016 01:44:05 INFO logger.py 33 6271 start scroll up
Sat 19 Nov 2016 01:44:06 INFO logger.py 33 6271 start scroll down
Sat 19 Nov 2016 01:44:08 INFO logger.py 33 6271 finish scroll
Sat 19 Nov 2016 01:44:09 INFO logger.py 33 6271 new_number: 2304, num: 2292, unchange_time: 0
Sat 19 Nov 2016 01:44:10 INFO logger.py 33 6271 start scroll up
Sat 19 Nov 2016 01:44:10 INFO logger.py 33 6271 start scroll down
Sat 19 Nov 2016 01:44:12 INFO logger.py 33 6271 finish scroll
Sat 19 Nov 2016 01:44:13 INFO logger.py 33 6271 new_number: 2316, num: 2304, unchange_time: 0
Sat 19 Nov 2016 01:44:14 INFO logger.py 33 6271 start scroll up
Sat 19 Nov 2016 01:44:15 INFO logger.py 33 6271 start scroll down
Sat 19 Nov 2016 01:44:17 INFO logger.py 33 6271 finish scroll
Sat 19 Nov 2016 01:44:18 INFO logger.py 33 6271 new_number: 2328, num: 2316, unchange_time: 0
Sat 19 Nov 2016 01:44:18 INFO logger.py 33 6271 start scroll up
Sat 19 Nov 2016 01:44:20 INFO logger.py 33 6271 start scroll down
Sat 19 Nov 2016 01:44:21 INFO logger.py 33 6271 finish scroll
Sat 19 Nov 2016 01:44:22 INFO logger.py 33 6271 new_number: 2340, num: 2328, unchange_time: 0
Sat 19 Nov 2016 01:44:23 INFO logger.py 33 6271 start scroll up
Sat 19 Nov 2016 01:44:25 INFO logger.py 33 6271 start scroll down
Sat 19 Nov 2016 01:44:27 INFO logger.py 33 6271 finish scroll
Sat 19 Nov 2016 01:44:28 INFO logger.py 33 6271 new_number: 2352, num: 2340, unchange_time: 0
Sat 19 Nov 2016 01:44:28 INFO logger.py 33 6271 start scroll up
Sat 19 Nov 2016 01:44:30 INFO logger.py 33 6271 start scroll down
Sat 19 Nov 2016 01:44:32 INFO logger.py 33 6271 finish scroll
Sat 19 Nov 2016 01:44:33 INFO logger.py 33 6271 new_number: 2364, num: 2352, unchange_time: 0
Sat 19 Nov 2016 01:44:33 INFO logger.py 33 6271 start scroll up
Sat 19 Nov 2016 01:44:35 INFO logger.py 33 6271 start scroll down
Sat 19 Nov 2016 01:44:37 INFO logger.py 33 6271 finish scroll
Sat 19 Nov 2016 01:44:38 INFO logger.py 33 6271 new_number: 2376, num: 2364, unchange_time: 0
Sat 19 Nov 2016 01:44:39 INFO logger.py 33 6271 start scroll up
Sat 19 Nov 2016 01:44:40 INFO logger.py 33 6271 start scroll down
Sat 19 Nov 2016 01:44:42 INFO logger.py 33 6271 finish scroll
Sat 19 Nov 2016 01:44:43 INFO logger.py 33 6271 new_number: 2388, num: 2376, unchange_time: 0
Sat 19 Nov 2016 01:44:43 INFO logger.py 33 6271 start scroll up
Sat 19 Nov 2016 01:44:44 INFO logger.py 33 6271 start scroll down
Sat 19 Nov 2016 01:44:45 INFO logger.py 33 6271 finish scroll
Sat 19 Nov 2016 01:44:46 INFO logger.py 33 6271 new_number: 2400, num: 2388, unchange_time: 0
Sat 19 Nov 2016 01:44:47 INFO logger.py 33 6271 start scroll up
Sat 19 Nov 2016 01:44:49 INFO logger.py 33 6271 start scroll down
Sat 19 Nov 2016 01:44:50 INFO logger.py 33 6271 finish scroll
Sat 19 Nov 2016 01:44:52 INFO logger.py 33 6271 new_number: 2412, num: 2400, unchange_time: 0
Sat 19 Nov 2016 01:44:52 INFO logger.py 33 6271 start scroll up
Sat 19 Nov 2016 01:44:53 INFO logger.py 33 6271 start scroll down
Sat 19 Nov 2016 01:44:55 INFO logger.py 33 6271 finish scroll
Sat 19 Nov 2016 01:44:56 INFO logger.py 33 6271 new_number: 2424, num: 2412, unchange_time: 0
Sat 19 Nov 2016 01:44:57 INFO logger.py 33 6271 start scroll up
Sat 19 Nov 2016 01:44:58 INFO logger.py 33 6271 start scroll down
Sat 19 Nov 2016 01:45:00 INFO logger.py 33 6271 finish scroll
Sat 19 Nov 2016 01:45:01 INFO logger.py 33 6271 new_number: 2436, num: 2424, unchange_time: 0
Sat 19 Nov 2016 01:45:01 INFO logger.py 33 6271 start scroll up
Sat 19 Nov 2016 01:45:03 INFO logger.py 33 6271 start scroll down
Sat 19 Nov 2016 01:45:05 INFO logger.py 33 6271 finish scroll
Sat 19 Nov 2016 01:45:06 INFO logger.py 33 6271 new_number: 2448, num: 2436, unchange_time: 0
Sat 19 Nov 2016 01:45:06 INFO logger.py 33 6271 start scroll up
Sat 19 Nov 2016 01:45:07 INFO logger.py 33 6271 start scroll down
Sat 19 Nov 2016 01:45:09 INFO logger.py 33 6271 finish scroll
Sat 19 Nov 2016 01:45:10 INFO logger.py 33 6271 new_number: 2460, num: 2448, unchange_time: 0
Sat 19 Nov 2016 01:45:10 INFO logger.py 33 6271 start scroll up
Sat 19 Nov 2016 01:45:12 INFO logger.py 33 6271 start scroll down
Sat 19 Nov 2016 01:45:14 INFO logger.py 33 6271 finish scroll
Sat 19 Nov 2016 01:45:15 INFO logger.py 33 6271 new_number: 2472, num: 2460, unchange_time: 0
Sat 19 Nov 2016 01:45:16 INFO logger.py 33 6271 start scroll up
Sat 19 Nov 2016 01:45:16 INFO logger.py 33 6271 start scroll down
Sat 19 Nov 2016 01:45:18 INFO logger.py 33 6271 finish scroll
Sat 19 Nov 2016 01:45:19 INFO logger.py 33 6271 new_number: 2484, num: 2472, unchange_time: 0
Sat 19 Nov 2016 01:45:20 INFO logger.py 33 6271 start scroll up
Sat 19 Nov 2016 01:45:21 INFO logger.py 33 6271 start scroll down
Sat 19 Nov 2016 01:45:23 INFO logger.py 33 6271 finish scroll
Sat 19 Nov 2016 01:45:24 INFO logger.py 33 6271 new_number: 2496, num: 2484, unchange_time: 0
Sat 19 Nov 2016 01:45:25 INFO logger.py 33 6271 start scroll up
Sat 19 Nov 2016 01:45:26 INFO logger.py 33 6271 start scroll down
Sat 19 Nov 2016 01:45:28 INFO logger.py 33 6271 finish scroll
Sat 19 Nov 2016 01:45:29 INFO logger.py 33 6271 new_number: 2508, num: 2496, unchange_time: 0
Sat 19 Nov 2016 01:45:30 INFO logger.py 33 6271 start scroll up
Sat 19 Nov 2016 01:45:31 INFO logger.py 33 6271 start scroll down
Sat 19 Nov 2016 01:45:32 INFO logger.py 33 6271 finish scroll
Sat 19 Nov 2016 01:45:33 INFO logger.py 33 6271 new_number: 2520, num: 2508, unchange_time: 0
Sat 19 Nov 2016 01:45:34 INFO logger.py 33 6271 start scroll up
Sat 19 Nov 2016 01:45:35 INFO logger.py 33 6271 start scroll down
Sat 19 Nov 2016 01:45:37 INFO logger.py 33 6271 finish scroll
Sat 19 Nov 2016 01:45:38 INFO logger.py 33 6271 new_number: 2532, num: 2520, unchange_time: 0
Sat 19 Nov 2016 01:45:38 INFO logger.py 33 6271 start scroll up
Sat 19 Nov 2016 01:45:39 INFO logger.py 33 6271 start scroll down
Sat 19 Nov 2016 01:45:41 INFO logger.py 33 6271 finish scroll
Sat 19 Nov 2016 01:45:42 INFO logger.py 33 6271 new_number: 2544, num: 2532, unchange_time: 0
Sat 19 Nov 2016 01:45:43 INFO logger.py 33 6271 start scroll up
Sat 19 Nov 2016 01:45:44 INFO logger.py 33 6271 start scroll down
Sat 19 Nov 2016 01:45:46 INFO logger.py 33 6271 finish scroll
Sat 19 Nov 2016 01:45:48 INFO logger.py 33 6271 new_number: 2556, num: 2544, unchange_time: 0
Sat 19 Nov 2016 01:45:48 INFO logger.py 33 6271 start scroll up
Sat 19 Nov 2016 01:45:50 INFO logger.py 33 6271 start scroll down
Sat 19 Nov 2016 01:45:52 INFO logger.py 33 6271 finish scroll
Sat 19 Nov 2016 01:45:53 INFO logger.py 33 6271 new_number: 2568, num: 2556, unchange_time: 0
Sat 19 Nov 2016 01:45:54 INFO logger.py 33 6271 start scroll up
Sat 19 Nov 2016 01:45:55 INFO logger.py 33 6271 start scroll down
Sat 19 Nov 2016 01:45:57 INFO logger.py 33 6271 finish scroll
Sat 19 Nov 2016 01:45:58 INFO logger.py 33 6271 new_number: 2580, num: 2568, unchange_time: 0
Sat 19 Nov 2016 01:45:58 INFO logger.py 33 6271 start scroll up
Sat 19 Nov 2016 01:45:59 INFO logger.py 33 6271 start scroll down
Sat 19 Nov 2016 01:46:01 INFO logger.py 33 6271 finish scroll
Sat 19 Nov 2016 01:46:02 INFO logger.py 33 6271 new_number: 2592, num: 2580, unchange_time: 0
Sat 19 Nov 2016 01:46:03 INFO logger.py 33 6271 start scroll up
Sat 19 Nov 2016 01:46:04 INFO logger.py 33 6271 start scroll down
Sat 19 Nov 2016 01:46:05 INFO logger.py 33 6271 finish scroll
Sat 19 Nov 2016 01:46:07 INFO logger.py 33 6271 new_number: 2604, num: 2592, unchange_time: 0
Sat 19 Nov 2016 01:46:07 INFO logger.py 33 6271 start scroll up
Sat 19 Nov 2016 01:46:08 INFO logger.py 33 6271 start scroll down
Sat 19 Nov 2016 01:46:10 INFO logger.py 33 6271 finish scroll
Sat 19 Nov 2016 01:46:11 INFO logger.py 33 6271 new_number: 2616, num: 2604, unchange_time: 0
Sat 19 Nov 2016 01:46:12 INFO logger.py 33 6271 start scroll up
Sat 19 Nov 2016 01:46:13 INFO logger.py 33 6271 start scroll down
Sat 19 Nov 2016 01:46:14 INFO logger.py 33 6271 finish scroll
Sat 19 Nov 2016 01:46:15 INFO logger.py 33 6271 new_number: 2628, num: 2616, unchange_time: 0
Sat 19 Nov 2016 01:46:16 INFO logger.py 33 6271 start scroll up
Sat 19 Nov 2016 01:46:17 INFO logger.py 33 6271 start scroll down
Sat 19 Nov 2016 01:46:19 INFO logger.py 33 6271 finish scroll
Sat 19 Nov 2016 01:46:20 INFO logger.py 33 6271 new_number: 2640, num: 2628, unchange_time: 0
Sat 19 Nov 2016 01:46:21 INFO logger.py 33 6271 start scroll up
Sat 19 Nov 2016 01:46:23 INFO logger.py 33 6271 start scroll down
Sat 19 Nov 2016 01:46:24 INFO logger.py 33 6271 finish scroll
Sat 19 Nov 2016 01:46:25 INFO logger.py 33 6271 new_number: 2652, num: 2640, unchange_time: 0
Sat 19 Nov 2016 01:46:26 INFO logger.py 33 6271 start scroll up
Sat 19 Nov 2016 01:46:27 INFO logger.py 33 6271 start scroll down
Sat 19 Nov 2016 01:46:29 INFO logger.py 33 6271 finish scroll
Sat 19 Nov 2016 01:46:30 INFO logger.py 33 6271 new_number: 2664, num: 2652, unchange_time: 0
Sat 19 Nov 2016 01:46:31 INFO logger.py 33 6271 start scroll up
Sat 19 Nov 2016 01:46:32 INFO logger.py 33 6271 start scroll down
Sat 19 Nov 2016 01:46:34 INFO logger.py 33 6271 finish scroll
Sat 19 Nov 2016 01:46:35 INFO logger.py 33 6271 new_number: 2672, num: 2664, unchange_time: 0
Sat 19 Nov 2016 01:46:36 INFO logger.py 33 6271 start scroll up
Sat 19 Nov 2016 01:46:37 INFO logger.py 33 6271 start scroll down
Sat 19 Nov 2016 01:47:09 INFO logger.py 33 6271 loading wait_increase failure Message: 

Sat 19 Nov 2016 01:47:09 INFO logger.py 33 6271 finish scroll
Sat 19 Nov 2016 01:47:09 INFO logger.py 33 6271 start click
Sat 19 Nov 2016 01:47:15 INFO logger.py 33 6271 new_number: 2672, num: 2672, unchange_time: 1
Sat 19 Nov 2016 01:47:16 INFO logger.py 33 6271 start scroll up
Sat 19 Nov 2016 01:47:17 INFO logger.py 33 6271 start scroll down
Sat 19 Nov 2016 01:47:48 INFO logger.py 33 6271 loading wait_increase failure Message: 

Sat 19 Nov 2016 01:47:48 INFO logger.py 33 6271 finish scroll
Sat 19 Nov 2016 01:47:50 INFO logger.py 33 6271 new_number: 2672, num: 2672, unchange_time: 2
Sat 19 Nov 2016 01:47:50 INFO logger.py 33 6271 start scroll up
Sat 19 Nov 2016 01:47:52 INFO logger.py 33 6271 start scroll down
Sat 19 Nov 2016 01:48:24 INFO logger.py 33 6271 loading wait_increase failure Message: 

Sat 19 Nov 2016 01:48:24 INFO logger.py 33 6271 finish scroll
Sat 19 Nov 2016 01:48:25 INFO logger.py 33 6271 new_number: 2672, num: 2672, unchange_time: 3
Sat 19 Nov 2016 01:48:26 INFO logger.py 33 6271 start scroll up
Sat 19 Nov 2016 01:48:27 INFO logger.py 33 6271 start scroll down
Sat 19 Nov 2016 01:48:59 INFO logger.py 33 6271 loading wait_increase failure Message: 

Sat 19 Nov 2016 01:48:59 INFO logger.py 33 6271 finish scroll
Sat 19 Nov 2016 01:48:59 INFO logger.py 33 6271 start click
Sat 19 Nov 2016 01:49:05 INFO logger.py 33 6271 new_number: 2672, num: 2672, unchange_time: 4
Sat 19 Nov 2016 01:49:06 INFO logger.py 33 6271 start scroll up
Sat 19 Nov 2016 01:49:07 INFO logger.py 33 6271 start scroll down
Sat 19 Nov 2016 01:49:39 INFO logger.py 33 6271 loading wait_increase failure Message: 

Sat 19 Nov 2016 01:49:39 INFO logger.py 33 6271 finish scroll
Sat 19 Nov 2016 01:49:40 INFO logger.py 33 6271 new_number: 2672, num: 2672, unchange_time: 5
Sat 19 Nov 2016 01:49:41 INFO logger.py 33 6271 start scroll up
Sat 19 Nov 2016 01:49:42 INFO logger.py 33 6271 start scroll down
Sat 19 Nov 2016 01:50:13 INFO logger.py 33 6271 loading wait_increase failure Message: 

Sat 19 Nov 2016 01:50:13 INFO logger.py 33 6271 finish scroll
Sat 19 Nov 2016 01:50:15 INFO logger.py 33 6271 new_number: 2672, num: 2672, unchange_time: 6
Sat 19 Nov 2016 01:50:15 INFO logger.py 33 6271 locating all hrefs using 0.661
Sat 19 Nov 2016 01:51:27 INFO logger.py 33 6271 locating 1000 hrefs using 72.012
